make[1]: Entering directory '/home/MP32/arb-2.4.0/acb_modular'
    CC   ../build/acb_modular/test/t-elliptic_p.exe
    CC   ../build/acb_modular/test/t-epsilon_arg.exe
I:\Data\mpFormula40\ExternalTools\msys32\tmp\cceSxPCI.o:t-epsilon_arg.c:(.text+0x490): undefined reference to `fmpq_dedekind_sum'
collect2.exe: error: ld returned 1 exit status
../Makefile.subdirs:78: recipe for target '../build/acb_modular/test/t-epsilon_arg.exe' failed
make[1]: *** [../build/acb_modular/test/t-epsilon_arg.exe] Error 1
make[1]: Leaving directory '/home/MP32/arb-2.4.0/acb_modular'
Makefile:170: recipe for target 'check' failed
make: *** [check] Error 2

DH@DH-PC MINGW32 /home/MP32/arb-2.4.0
